#
# There is insufficient memory for the Java Runtime Environment to continue.
# Native memory allocation (mmap) failed to map 134217728 bytes for G1 virtual space
# Possible reasons:
#   The system is out of physical RAM or swap space
#   The process is running with CompressedOops enabled, and the Java Heap may be blocking the growth of the native heap
# Possible solutions:
#   Reduce memory load on the system
#   Increase physical memory or swap space
#   Check if swap backing store is full
#   Decrease Java heap size (-Xmx/-Xms)
#   Decrease number of Java threads
#   Decrease Java thread stack sizes (-Xss)
#   Set larger code cache with -XX:ReservedCodeCacheSize=
#   JVM is running with Unscaled Compressed Oops mode in which the Java heap is
#     placed in the first 4GB address space. The Java Heap base address is the
#     maximum limit for the native heap growth. Please use -XX:HeapBaseMinAddress
#     to set the Java Heap base and to place the Java Heap above 4GB virtual address.
# This output file may be truncated or incomplete.
#
#  Out of Memory Error (os_windows.cpp:3532), pid=16116, tid=16596
#
# JRE version:  (17.0.2+8) (build )
# Java VM: OpenJDK 64-Bit Server VM (17.0.2+8, mixed mode, sharing, tiered, compressed oops, compressed class ptrs, g1 gc, windows-amd64)
# No core dump will be written. Minidumps are not enabled by default on client versions of Windows
#

---------------  S U M M A R Y ------------

Command Line: C:\Users\Soumyajit Banerjee\AppData\Local\Temp\surefire14845460794150220478\surefirebooter13774434506868371969.jar C:\Users\Soumyajit Banerjee\AppData\Local\Temp\surefire14845460794150220478 2022-04-20T10-16-13_401-jvmRun1 surefire3978462062820581531tmp surefire_08211912355108636870tmp

Host: Intel(R) Core(TM) i5-8250U CPU @ 1.60GHz, 8 cores, 7G,  Windows 11 , 64 bit Build 22593 (10.0.22593.1)
Time: Wed Apr 20 10:16:18 2022 India Standard Time elapsed time: 0.022128 seconds (0d 0h 0m 0s)

---------------  T H R E A D  ---------------

Current thread (0x0000023798a8cbc0):  JavaThread "Unknown thread" [_thread_in_vm, id=16596, stack(0x000000973ab00000,0x000000973ac00000)]

Stack: [0x000000973ab00000,0x000000973ac00000]
Native frames: (J=compiled Java code, j=interpreted, Vv=VM code, C=native code)
V  [jvm.dll+0x67564a]
V  [jvm.dll+0x82fc04]
V  [jvm.dll+0x8313ae]
V  [jvm.dll+0x831a13]
V  [jvm.dll+0x245235]
V  [jvm.dll+0x672539]
V  [jvm.dll+0x666e82]
V  [jvm.dll+0x30401b]
V  [jvm.dll+0x30b566]
V  [jvm.dll+0x35b1fe]
V  [jvm.dll+0x35b42f]
V  [jvm.dll+0x2daf58]
V  [jvm.dll+0x2dbec4]
V  [jvm.dll+0x801881]
V  [jvm.dll+0x368f81]
V  [jvm.dll+0x7e0cdc]
V  [jvm.dll+0x3eb8bf]
V  [jvm.dll+0x3ed441]
C  [jli.dll+0x5277]
C  [ucrtbase.dll+0x29363]
C  [KERNEL32.DLL+0x1245d]
C  [ntdll.dll+0x5ded8]


---------------  P R O C E S S  ---------------

Threads class SMR info:
_java_thread_list=0x00007ffe30435e98, length=0, elements={
}

Java Threads: ( => current thread )

Other Threads:
  0x0000023798acccc0 GCTaskThread "GC Thread#0" [stack: 0x000000973ac00000,0x000000973ad00000] [id=18720]
  0x0000023798add820 ConcurrentGCThread "G1 Main Marker" [stack: 0x000000973ad00000,0x000000973ae00000] [id=12812]
  0x0000023798ade870 ConcurrentGCThread "G1 Conc#0" [stack: 0x000000973ae00000,0x000000973af00000] [id=17392]

[error occurred during error reporting (printing all threads), id 0xc0000005, EXCEPTION_ACCESS_VIOLATION (0xc0000005) at pc=0x00007ffe2fc0b9d7]

VM state: not at safepoint (not fully initialized)

VM Mutex/Monitor currently owned by a thread:  ([mutex/lock_event])
[0x0000023798a89090] Heap_lock - owner thread: 0x0000023798a8cbc0

Heap address: 0x0000000081400000, size: 2028 MB, Compressed Oops mode: 32-bit

CDS archive(s) mapped at: [0x0000000000000000-0x0000000000000000-0x0000000000000000), size 0, SharedBaseAddress: 0x0000000800000000, ArchiveRelocationMode: 0.
Narrow klass base: 0x0000000000000000, Narrow klass shift: 0, Narrow klass range: 0x0

GC Precious Log:
<Empty>

Heap:
 garbage-first heap   total 0K, used 0K [0x0000000081400000, 0x0000000100000000)
  region size 1024K, 0 young (0K), 0 survivors (0K)

[error occurred during error reporting (printing heap information), id 0xc0000005, EXCEPTION_ACCESS_VIOLATION (0xc0000005) at pc=0x00007ffe2ffee899]

GC Heap History (0 events):
No events

Deoptimization events (0 events):
No events

Classes unloaded (0 events):
No events

Classes redefined (0 events):
No events

Internal exceptions (0 events):
No events

VM Operations (0 events):
No events

Events (1 events):
Event: 0.013 Loaded shared library C:\Users\Soumyajit Banerjee\Downloads\sts-4.14.0.RELEASE\plugins\org.eclipse.justj.openjdk.hotspot.jre.full.win32.x86_64_17.0.2.v20220201-1208\jre\bin\java.dll


Dynamic libraries:
0x00007ff600400000 - 0x00007ff60040e000 	C:\Users\Soumyajit Banerjee\Downloads\sts-4.14.0.RELEASE\plugins\org.eclipse.justj.openjdk.hotspot.jre.full.win32.x86_64_17.0.2.v20220201-1208\jre\bin\java.exe
0x00007ffec0a30000 - 0x00007ffec0c42000 	C:\WINDOWS\SYSTEM32\ntdll.dll
0x00007ffebf660000 - 0x00007ffebf721000 	C:\WINDOWS\System32\KERNEL32.DLL
0x00007ffebe260000 - 0x00007ffebe5fa000 	C:\WINDOWS\System32\KERNELBASE.dll
0x00007ffebe670000 - 0x00007ffebe781000 	C:\WINDOWS\System32\ucrtbase.dll
0x00007ffe8f330000 - 0x00007ffe8f348000 	C:\Users\Soumyajit Banerjee\Downloads\sts-4.14.0.RELEASE\plugins\org.eclipse.justj.openjdk.hotspot.jre.full.win32.x86_64_17.0.2.v20220201-1208\jre\bin\jli.dll
0x00007ffe8f3c0000 - 0x00007ffe8f3d9000 	C:\Users\Soumyajit Banerjee\Downloads\sts-4.14.0.RELEASE\plugins\org.eclipse.justj.openjdk.hotspot.jre.full.win32.x86_64_17.0.2.v20220201-1208\jre\bin\VCRUNTIME140.dll
0x00007ffec06e0000 - 0x00007ffec088b000 	C:\WINDOWS\System32\USER32.dll
0x00007ffebdf00000 - 0x00007ffebdf26000 	C:\WINDOWS\System32\win32u.dll
0x00007ffe93b80000 - 0x00007ffe93e0e000 	C:\WINDOWS\WinSxS\amd64_microsoft.windows.common-controls_6595b64144ccf1df_6.0.22593.1_none_5f008abb9dcda73c\COMCTL32.dll
0x00007ffebf000000 - 0x00007ffebf029000 	C:\WINDOWS\System32\GDI32.dll
0x00007ffec0940000 - 0x00007ffec09e5000 	C:\WINDOWS\System32\msvcrt.dll
0x00007ffebe140000 - 0x00007ffebe258000 	C:\WINDOWS\System32\gdi32full.dll
0x00007ffebe0a0000 - 0x00007ffebe13a000 	C:\WINDOWS\System32\msvcp_win.dll
0x00007ffec0340000 - 0x00007ffec0371000 	C:\WINDOWS\System32\IMM32.DLL
0x00007ffea27c0000 - 0x00007ffea27cc000 	C:\Users\Soumyajit Banerjee\Downloads\sts-4.14.0.RELEASE\plugins\org.eclipse.justj.openjdk.hotspot.jre.full.win32.x86_64_17.0.2.v20220201-1208\jre\bin\vcruntime140_1.dll
0x00007ffe8cc30000 - 0x00007ffe8ccc1000 	C:\Users\Soumyajit Banerjee\Downloads\sts-4.14.0.RELEASE\plugins\org.eclipse.justj.openjdk.hotspot.jre.full.win32.x86_64_17.0.2.v20220201-1208\jre\bin\msvcp140.dll
0x00007ffe2f920000 - 0x00007ffe30567000 	C:\Users\Soumyajit Banerjee\Downloads\sts-4.14.0.RELEASE\plugins\org.eclipse.justj.openjdk.hotspot.jre.full.win32.x86_64_17.0.2.v20220201-1208\jre\bin\server\jvm.dll
0x00007ffebf030000 - 0x00007ffebf0de000 	C:\WINDOWS\System32\ADVAPI32.dll
0x00007ffebe860000 - 0x00007ffebe904000 	C:\WINDOWS\System32\sechost.dll
0x00007ffec05c0000 - 0x00007ffec06d5000 	C:\WINDOWS\System32\RPCRT4.dll
0x00007ffebe850000 - 0x00007ffebe858000 	C:\WINDOWS\System32\PSAPI.DLL
0x00007ffeb5e10000 - 0x00007ffeb5e19000 	C:\WINDOWS\SYSTEM32\WSOCK32.dll
0x00007ffe9e890000 - 0x00007ffe9e8c4000 	C:\WINDOWS\SYSTEM32\WINMM.dll
0x00007ffec0540000 - 0x00007ffec05b1000 	C:\WINDOWS\System32\WS2_32.dll
0x00007ffeb4ce0000 - 0x00007ffeb4cea000 	C:\WINDOWS\SYSTEM32\VERSION.dll
0x00007ffebcef0000 - 0x00007ffebcf08000 	C:\WINDOWS\SYSTEM32\kernel.appcore.dll
0x00007ffebaae0000 - 0x00007ffebaaea000 	C:\Users\Soumyajit Banerjee\Downloads\sts-4.14.0.RELEASE\plugins\org.eclipse.justj.openjdk.hotspot.jre.full.win32.x86_64_17.0.2.v20220201-1208\jre\bin\jimage.dll
0x00007ffebb880000 - 0x00007ffebbaae000 	C:\WINDOWS\SYSTEM32\DBGHELP.DLL
0x00007ffebeab0000 - 0x00007ffebee38000 	C:\WINDOWS\System32\combase.dll
0x00007ffebf580000 - 0x00007ffebf657000 	C:\WINDOWS\System32\OLEAUT32.dll
0x00007ffea5c30000 - 0x00007ffea5c62000 	C:\WINDOWS\SYSTEM32\dbgcore.DLL
0x00007ffebde80000 - 0x00007ffebdefb000 	C:\WINDOWS\System32\bcryptPrimitives.dll
0x00007ffea7900000 - 0x00007ffea7925000 	C:\Users\Soumyajit Banerjee\Downloads\sts-4.14.0.RELEASE\plugins\org.eclipse.justj.openjdk.hotspot.jre.full.win32.x86_64_17.0.2.v20220201-1208\jre\bin\java.dll

dbghelp: loaded successfully - version: 4.0.5 - missing functions: none
symbol engine: initialized successfully - sym options: 0x614 - pdb path: .;C:\Users\Soumyajit Banerjee\Downloads\sts-4.14.0.RELEASE\plugins\org.eclipse.justj.openjdk.hotspot.jre.full.win32.x86_64_17.0.2.v20220201-1208\jre\bin;C:\WINDOWS\SYSTEM32;C:\WINDOWS\WinSxS\amd64_microsoft.windows.common-controls_6595b64144ccf1df_6.0.22593.1_none_5f008abb9dcda73c;C:\Users\Soumyajit Banerjee\Downloads\sts-4.14.0.RELEASE\plugins\org.eclipse.justj.openjdk.hotspot.jre.full.win32.x86_64_17.0.2.v20220201-1208\jre\bin\server

VM Arguments:
java_command: C:\Users\Soumyajit Banerjee\AppData\Local\Temp\surefire14845460794150220478\surefirebooter13774434506868371969.jar C:\Users\Soumyajit Banerjee\AppData\Local\Temp\surefire14845460794150220478 2022-04-20T10-16-13_401-jvmRun1 surefire3978462062820581531tmp surefire_08211912355108636870tmp
java_class_path (initial): C:\Users\Soumyajit Banerjee\AppData\Local\Temp\surefire14845460794150220478\surefirebooter13774434506868371969.jar
Launcher Type: SUN_STANDARD

[Global flags]
     intx CICompilerCount                          = 4                                         {product} {ergonomic}
     uint ConcGCThreads                            = 2                                         {product} {ergonomic}
     uint G1ConcRefinementThreads                  = 8                                         {product} {ergonomic}
   size_t G1HeapRegionSize                         = 1048576                                   {product} {ergonomic}
    uintx GCDrainStackTargetSize                   = 64                                        {product} {ergonomic}
   size_t InitialHeapSize                          = 134217728                                 {product} {ergonomic}
   size_t MarkStackSize                            = 4194304                                   {product} {ergonomic}
   size_t MaxHeapSize                              = 2126512128                                {product} {ergonomic}
   size_t MinHeapDeltaBytes                        = 1048576                                   {product} {ergonomic}
   size_t MinHeapSize                              = 8388608                                   {product} {ergonomic}
    uintx NonNMethodCodeHeapSize                   = 5839372                                {pd product} {ergonomic}
    uintx NonProfiledCodeHeapSize                  = 122909434                              {pd product} {ergonomic}
    uintx ProfiledCodeHeapSize                     = 122909434                              {pd product} {ergonomic}
    uintx ReservedCodeCacheSize                    = 251658240                              {pd product} {ergonomic}
     bool SegmentedCodeCache                       = true                                      {product} {ergonomic}
   size_t SoftMaxHeapSize                          = 2126512128                             {manageable} {ergonomic}
     bool UseCompressedClassPointers               = true                           {product lp64_product} {ergonomic}
     bool UseCompressedOops                        = true                           {product lp64_product} {ergonomic}
     bool UseG1GC                                  = true                                      {product} {ergonomic}
     bool UseLargePagesIndividualAllocation        = false                                  {pd product} {ergonomic}

Logging:
Log output configuration:
 #0: stdout all=warning uptime,level,tags
 #1: stderr all=off uptime,level,tags

Environment Variables:
JAVA_HOME=C:\Program Files\Java\jdk-13.0.1
PATH=C:/Users/Soumyajit Banerjee/Downloads/sts-4.14.0.RELEASE//plugins/org.eclipse.justj.openjdk.hotspot.jre.full.win32.x86_64_17.0.2.v20220201-1208/jre/bin/server;C:/Users/Soumyajit Banerjee/Downloads/sts-4.14.0.RELEASE//plugins/org.eclipse.justj.openjdk.hotspot.jre.full.win32.x86_64_17.0.2.v20220201-1208/jre/bin;C:\Program Files\Common Files\Oracle\Java\javapath;C:\db_home\bin;C:\windows\system32;C:\windows;C:\windows\System32\Wbem;C:\windows\System32\WindowsPowerShell\v1.0\;C:\windows\System32\OpenSSH\;C:\Program Files (x86)\NVIDIA Corporation\PhysX\Common;C:\Program Files\Java\jdk-13.0.1\bin;C:\WINDOWS\system32;C:\WINDOWS;C:\WINDOWS\System32\Wbem;C:\WINDOWS\System32\WindowsPowerShell\v1.0\;C:\WINDOWS\System32\OpenSSH\;C:\Program Files (x86)\dotnet\;C:\Program Files (x86)\Git\cmd;C:\Program Files\nodejs\;C:\Program Files\Docker\Docker\resources\bin;C:\ProgramData\DockerDesktop\version-bin;C:\Program Files\MySQL\MySQL Shell 8.0\bin\;C:\Users\Soumyajit Banerjee\AppData\Local\Microsoft\WindowsApps;C:\Users\Soumyajit Banerjee\AppData\Local\Programs\Microsoft VS Code\bin;C:\Program Files\MongoDB\Server\4.2\bin;C:\Users\Soumyajit Banerjee\AppData\Roaming\npm;;C:\Users\Soumyajit Banerjee\Downloads\sts-4.14.0.RELEASE;
USERNAME=Soumyajit Banerjee
OS=Windows_NT
PROCESSOR_IDENTIFIER=Intel64 Family 6 Model 142 Stepping 10, GenuineIntel



---------------  S Y S T E M  ---------------

OS:
 Windows 11 , 64 bit Build 22593 (10.0.22593.1)
OS uptime: 0 days 22:51 hours
Hyper-V role detected

CPU: total 8 (initial active 8) (4 cores per cpu, 2 threads per core) family 6 model 142 stepping 10 microcode 0xe0, cx8, cmov, fxsr, ht, mmx, 3dnowpref, sse, sse2, sse3, ssse3, sse4.1, sse4.2, popcnt, lzcnt, tsc, tscinvbit, avx, avx2, aes, erms, clmul, bmi1, bmi2, adx, fma, vzeroupper, clflush, clflushopt, hv

Memory: 4k page, system-wide physical 8107M (656M free)
TotalPageFile size 32683M (AvailPageFile size 33M)
current process WorkingSet (physical memory assigned to process): 11M, peak: 11M
current process commit charge ("private bytes"): 60M, peak: 188M

vm_info: OpenJDK 64-Bit Server VM (17.0.2+8) for windows-amd64 JRE (17.0.2+8), built on Jan 20 2022 04:52:34 by "" with MS VC++ 16.7 (VS2019)

END.
